<?xml version="1.0" encoding="UTF-8"?>
<!-- Generated by org.testng.reporters.JUnitXMLReporter -->
<testsuite ignored="0" hostname="DESKTOP-K7BT9HU" failures="0" tests="6" name="Default test" time="67.302" errors="0" timestamp="2023-09-06T11:33:25 IST">
  <testcase classname="testCase.TC01" name="MouseHover" time="0.369"/>
  <testcase classname="testCase.TC01" name="VerifyLogin" time="0.002"/>
  <testcase classname="testCase.TC01" name="verifyCookieHandle" time="0.083"/>
  <testcase classname="testCase.TC01" name="verifyScrollDown" time="0.024"/>
  <testcase classname="testCase.TC01" name="verifyScrollUp" time="0.018"/>
  <testcase classname="testCase.TC01" name="verifyScreenshot" time="2.831"/>
</testsuite> <!-- Default test -->
